<?xml version="1.0" encoding="UTF-8"?>
<!-- Generated by org.testng.reporters.JUnitReportReporter -->
<testsuite skipped="0" hostname="Chikkus_hp" name="com.test.HomePageTest" tests="4" failures="0" timestamp="27 Mar 2023 11:14:55 GMT" time="18.513" errors="0">
  <testcase name="validateHomePageFields" time="3.817" classname="com.test.HomePageTest"/>
  <testcase name="validateHomePageTopPanelFields" time="3.787" classname="com.test.HomePageTest"/>
  <testcase name="validateHomePageLeftPanelFields" time="3.176" classname="com.test.HomePageTest"/>
  <testcase name="validateQuickEmailAndQuickSmsOption" time="7.733" classname="com.test.HomePageTest"/>
</testsuite> <!-- com.test.HomePageTest -->
