<?xml version="1.0" encoding="UTF-8"?>
<!-- Generated by org.testng.reporters.JUnitReportReporter -->
<testsuite skipped="0" hostname="Chikkus_hp" name="com.test.QuantityAlertsPageTest" tests="1" failures="0" timestamp="27 Mar 2023 15:28:08 GMT" time="15.442" errors="0">
  <testcase name="validateQuantityAlertPageFields" time="15.442" classname="com.test.QuantityAlertsPageTest"/>
</testsuite> <!-- com.test.QuantityAlertsPageTest -->
