<?xml version="1.0" encoding="UTF-8"?>
<!-- Generated by org.testng.reporters.JUnitReportReporter -->
<testsuite skipped="4" hostname="Chikkus_hp" name="com.test.OrderAndReparationsPageTest" tests="5" failures="0" timestamp="03 Apr 2023 15:04:23 GMT" time="29.245" errors="0">
  <testcase name="validateColumnVisibilityFunctionalityInReparationTable" time="29.245" classname="com.test.OrderAndReparationsPageTest"/>
  <testcase name="validateUpdateStatusFunctionalityInReparationsTable" classname="com.test.OrderAndReparationsPageTest">
    <skipped/>
  </testcase> <!-- validateUpdateStatusFunctionalityInReparationsTable -->
  <testcase name="validateOrderAndReparationsPageFields" classname="com.test.OrderAndReparationsPageTest">
    <skipped/>
  </testcase> <!-- validateOrderAndReparationsPageFields -->
  <testcase name="validateFilterResultFunctionalityInReparationTable" classname="com.test.OrderAndReparationsPageTest">
    <skipped/>
  </testcase> <!-- validateFilterResultFunctionalityInReparationTable -->
  <testcase name="validateAddNewReparationFunctionalityInReparationTable" classname="com.test.OrderAndReparationsPageTest">
    <skipped/>
  </testcase> <!-- validateAddNewReparationFunctionalityInReparationTable -->
</testsuite> <!-- com.test.OrderAndReparationsPageTest -->
