<?xml version="1.0" encoding="UTF-8"?>
<!-- Generated by org.testng.reporters.JUnitReportReporter -->
<testsuite skipped="3" hostname="Chikkus_hp" name="com.test.InventoryPageTest" tests="4" failures="0" timestamp="12 Apr 2023 11:53:48 GMT" time="15.726" errors="0">
  <testcase name="validateEditProductFunctionalityInInventoryPage" time="15.726" classname="com.test.InventoryPageTest"/>
  <testcase name="validateActionsIconInInventoryPage" classname="com.test.InventoryPageTest">
    <skipped/>
  </testcase> <!-- validateActionsIconInInventoryPage -->
  <testcase name="validateInventoryPage" classname="com.test.InventoryPageTest">
    <skipped/>
  </testcase> <!-- validateInventoryPage -->
  <testcase name="validateAddProductFunctionalityInActionsIconInInventoryPage" classname="com.test.InventoryPageTest">
    <skipped/>
  </testcase> <!-- validateAddProductFunctionalityInActionsIconInInventoryPage -->
</testsuite> <!-- com.test.InventoryPageTest -->
