<?xml version="1.0" encoding="UTF-8"?>
<!-- Generated by org.testng.reporters.JUnitReportReporter -->
<testsuite skipped="0" hostname="Chikkus_hp" name="com.test.LoginPageTest" tests="1" failures="0" timestamp="08 Mar 2023 15:43:50 GMT" time="13.379" errors="0">
  <testcase name="validateLogin" time="13.379" classname="com.test.LoginPageTest"/>
</testsuite> <!-- com.test.LoginPageTest -->
